muv 0 0.6150397902162129
muv 1 0.6057366060070577
muv 2 0.6728149097089334
muv 3 0.6534402766411934
muv 0 0.4617361076510745
muv 1 0.6024894487774054
muv 2 0.6654666369684449
muv 3 0.6299179187578609
muv 1 0.47555499518094935
muv 3 0.49159863346616456
muv 2 0.49705160685067834
bace 0 0.7497826464962615
bace 0 0.6852721265866806
bace 0 0.6757085724221875
bace 0 0.6797078768909754
bace 0 0.555207789949574
bace 0 0.7257868196835333
bace 0 0.6685793774995652
bace 0 0.7049208833246392
bace 0 0.7313510693792384
bace 0 0.6659711354547035
bace 0 0.7064858285515563
bace 0 0.7193531559728743
bace 0 0.7595200834637454
bace 0 0.7722135280820727
bace 0 0.7842114414884368
bace 0 0.6605807685619893
bace 0 0.7788210745957225
bace 0 0.7882107459572247
bace 0 0.7758650669448791
bace 0 0.7398713267257868
bace 0 0.7876890975482524
bace 0 0.7576073726308469
bace 0 0.7438706311945749
bace 0 0.7299600069553122
bace 0 0.7831681446704921
bace 0 0.7240479916536254
bace 0 0.8022952529994783
bace 0 0.7466527560424273
bace 3 0.7134411406711877
bace 2 0.7610850286906625
bace 1 0.7290905929403582
bace 0 0.7198748043818466
bace 3 0.7414362719527039
bace 2 0.7642149191444965
bace 1 0.7593462006607545
bace 0 0.7245696400625978
bace 3 0.7652582159624413
bace 2 0.6770996348461137
bace 1 0.8073378542862111
bace 0 0.739697443922796
bace 2 0.7715179968701096
bace 3 0.7772561293688054
bace 1 0.748565466875326
bace 0 0.7701269344461832
bace 2 0.7440445139975657
bace 3 0.7151799687010955
bace 1 0.7431750999826117
bace 0 0.7513475917231786
bace 2 0.7403929751347592
bace 3 0.782472613458529
bace 1 0.7541297165710312
bace 2 0.7565640758129021
bace 0 0.7431750999826118
bace 3 0.7909928708050773
bace 1 0.7709963484611372
bace 2 0.719527038775865
bace 0 0.7370892018779343
bace 1 0.7468266388454181
bace 3 0.7577812554338376
bace 0 0.7718657624760912
bace 2 0.7419579203616762
bace 1 0.7019648756737958
bace 3 0.7177882107459572
bace 0 0.6901408450704226
bace 2 0.7822987306555381
bace 1 0.796904886106764
bace 3 0.7857763867153538
bace 0 0.7210919840027821
bace 2 0.7723874108850635
bace 1 0.7730829420970265
bace 3 0.8071639714832203
bace 0 0.7972526517127455
bace 1 0.7539558337680403
bace 2 0.7873413319422709
bace 0 0.7624760911145888
bace 3 0.7137889062771692
bace 2 0.7723874108850635
bace 1 0.7847330898974092
bace 0 0.7391757955138236
bace 3 0.7631716223265519
bace 2 0.7217875152147453
bace 1 0.7261345852895148
bace 0 0.7412623891497131
bace 3 0.7595200834637454
bace 2 0.7610850286906625
bace 1 0.7377847330898973
bace 0 0.7485654668753261
bace 3 0.7330898974091461
bace 2 0.7414362719527039
bace 1 0.7489132324813076
bace 0 0.7449139280125195
bace 2 0.7586506694487914
bace 3 0.7490871152842984
bace 1 0.7683881064162754
bace 0 0.729960006955312
bace 2 0.732394366197183
bace 3 0.7711702312641279
bace 1 0.6668405494696574
bace 0 0.7452616936185011
bace 2 0.776734480959833
bace 3 0.7306555381672751
bace 1 0.7473482872543905
bace 3 0.7546513649800035
bace 0 0.7923839332290037
bace 2 0.7624760911145887
bace 1 0.7656059815684229
bace 3 0.7416101547556947
bace 0 0.7544774821770127
bace 2 0.7579551382368284
bace 1 0.7782994261867501
bace 3 0.7842114414884369
bace 0 0.7537819509650495
bace 2 0.752564771344114
bace 1 0.7369153190749435
bace 3 0.705964180142584
bace 0 0.7539558337680403
bace 2 0.7596939662667362
bace 3 0.7468266388454181
bace 1 0.7704747000521649
bace 0 0.7442183968005563
bace 2 0.7111806642323073
bace 3 0.733263780212137
bace 1 0.7483915840723352
bace 0 0.7336115458181185
bace 2 0.6845765953747174
bace 1 0.7376108502869065
bace 3 0.7932533472439576
bace 0 0.7242218744566162
bace 2 0.7583029038428099
bace 1 0.6398887150060859
bace 3 0.7654320987654321
bace 0 0.7556946617979481
bace 2 0.7459572248304642
bace 1 0.8257694314032341
bace 3 0.729264475743349
bace 0 0.7593462006607546
bace 2 0.7297861241523214
bace 1 0.7683881064162754
bace 3 0.7810815510346028
bace 0 0.7487393496783167
bace 2 0.7541297165710311
bace 1 0.7125717266562337
bace 3 0.735698139454008
bace 0 0.772735176491045
bace 2 0.7680403408102938
bace 1 0.7556946617979482
bace 3 0.7850808555033907
bace 0 0.7543035993740219
bace 2 0.7767344809598331
bace 1 0.7433489827856025
bace 3 0.7963832376977916
bace 0 0.785602503912363
bace 2 0.7589984350547732
bace 1 0.7315249521822292
bace 3 0.759867849069727
bace 0 0.7718657624760911
bbbp 2 0.6790123456790124
bbbp 1 0.6538387345679012
bbbp 3 0.6873070987654321
bbbp 0 0.6320408950617284
bbbp 2 0.6729359567901234
bbbp 1 0.6557677469135802
bbbp 3 0.6553819444444443
bbbp 0 0.7020640432098765
bbbp 2 0.7049575617283951
bbbp 1 0.6966628086419753
bbbp 3 0.7041859567901234
bbbp 0 0.6909722222222222
bbbp 2 0.6866319444444444
bbbp 1 0.6900077160493827
bbbp 3 0.6786265432098766
bbbp 2 0.7080439814814815
bbbp 0 0.6967592592592593
bbbp 1 0.7119020061728396
bbbp 3 0.7295524691358025
bbbp 0 0.69945987654321
bbbp 2 0.7009066358024693
bbbp 1 0.6906828703703703
bbbp 3 0.656153549382716
bbbp 0 0.6856674382716049
bbbp 2 0.6943479938271605
bbbp 3 0.720679012345679
bbbp 1 0.6772762345679012
bbbp 0 0.7195216049382716
bbbp 2 0.650366512345679
bbbp 3 0.6332947530864198
bbbp 1 0.6676311728395062
bbbp 0 0.6492091049382717
bbbp 2 0.6880787037037037
bbbp 3 0.6747685185185186
bbbp 1 0.6927083333333334
bbbp 0 0.6571180555555556
bbbp 2 0.6941550925925924
bbbp 0 0.6895254629629629
bbbp 1 0.7042824074074074
bbbp 3 0.6616512345679012
bbbp 2 0.6996527777777777
bbbp 0 0.6713927469135802
bbbp 1 0.7244405864197531
bbbp 3 0.7354359567901235
bbbp 2 0.7097800925925926
bbbp 0 0.6886574074074074
bbbp 1 0.6783371913580247
bbbp 3 0.7173996913580246
bbbp 2 0.7280092592592592
bbbp 0 0.7033179012345679
bbbp 1 0.6969521604938272
bbbp 3 0.7010030864197531
bbbp 0 0.6973379629629628
bbbp 2 0.6751543209876544
bbbp 1 0.6600115740740741
bbbp 3 0.6983024691358024
bbbp 1 0.7061149691358024
bbbp 0 0.7083333333333335
bbbp 2 0.681712962962963
bbbp 3 0.6947337962962964
bbbp 0 0.6867283950617283
bbbp 1 0.6890432098765433
bbbp 2 0.6948302469135803
bbbp 3 0.6675347222222221
bbbp 0 0.6437114197530863
bbbp 1 0.6812307098765433
bbbp 2 0.6668595679012346
bbbp 3 0.6768904320987654
bbbp 0 0.7066936728395061
bbbp 1 0.6989776234567902
bbbp 2 0.6687885802469137
bbbp 0 0.7035108024691358
bbbp 3 0.6674382716049383
bbbp 1 0.7079475308641976
bbbp 2 0.7003279320987654
bbbp 3 0.667920524691358
bbbp 1 0.6791087962962964
bbbp 0 0.7163387345679012
bbbp 2 0.7002314814814815
bbbp 3 0.6978202160493827
bbbp 0 0.6772762345679012
bbbp 1 0.7440200617283951
bbbp 2 0.6412037037037037
bbbp 3 0.7034143518518519
bbbp 0 0.7101658950617284
bbbp 1 0.6990740740740741
bbbp 2 0.6884645061728395
bbbp 0 0.6789158950617284
bbbp 3 0.6553819444444444
bbbp 1 0.6799768518518519
bbbp 3 0.689236111111111
bbbp 2 0.7160493827160492
bbbp 0 0.7347608024691358
bbbp 1 0.6774691358024693
bbbp 3 0.6513310185185184
bbbp 0 0.6800733024691357
bbbp 2 0.6687885802469136
bbbp 1 0.6960841049382716
bbbp 3 0.6912615740740742
bbbp 2 0.7192322530864198
bbbp 0 0.7075617283950617
bbbp 1 0.7252121913580246
bbbp 3 0.7082368827160495
bbbp 0 0.7092978395061728
bbbp 2 0.7092013888888888
bbbp 1 0.6794945987654322
bbbp 3 0.7105516975308642
bbbp 2 0.6961805555555557
bbbp 0 0.7164351851851851
bbbp 1 0.7236689814814815
bbbp 3 0.7065972222222222
bbbp 0 0.6767939814814815
bbbp 1 0.6846064814814814
bbbp 2 0.7210648148148148
bbbp 3 0.7057291666666666
bbbp 0 0.6771797839506173
bbbp 2 0.7063078703703705
bbbp 1 0.6866319444444445
bbbp 3 0.6912615740740741
bbbp 0 0.7146026234567902
bbbp 1 0.6731288580246914
bbbp 3 0.626929012345679
bbbp 2 0.720775462962963
bbbp 0 0.6983989197530864
bbbp 2 0.6878858024691358
bbbp 1 0.6772762345679012
bbbp 3 0.6702353395061729
bbbp 2 0.6582754629629629
clintox 0 0.7336478643172418
clintox 1 0.7405658082229869
clintox 3 0.5230094185521148
clintox 2 0.6744621693949189
clintox 0 0.8112709832134293
clintox 3 0.7642251416258297
clintox 1 0.7613752476279845
clintox 2 0.7896734786084176
clintox 0 0.7299351822889515
clintox 3 0.7465349459562786
clintox 1 0.7887880999548188
clintox 2 0.722050185938206
clintox 0 0.723715809960727
clintox 3 0.7998488165988948
clintox 1 0.8064452785597609
clintox 2 0.7750460501164287
clintox 0 0.8131668578180933
clintox 3 0.7674599450874083
clintox 1 0.7515926389323324
clintox 0 0.7849598582003962
clintox 2 0.801213811559448
clintox 1 0.7764770792062002
clintox 3 0.7759392486011192
clintox 1 0.7722934695721684
clintox 0 0.8012120738192055
clintox 2 0.7616141869113404
clintox 3 0.785972091891704
clintox 1 0.8103187015604907
clintox 0 0.7556528690091406
clintox 2 0.7871711326590902
clintox 3 0.7744786779272235
clintox 1 0.7147473325687277
clintox 0 0.6400788065200014
clintox 2 0.7438153824766274
clintox 3 0.6865533660028499
clintox 1 0.7400019115142669
clintox 0 0.7475098182323707
clintox 2 0.7511625482222917
clintox 3 0.7427136551628263
clintox 1 0.7592308761686302
clintox 0 0.7610502902026206
clintox 2 0.7064739512737637
clintox 3 0.7622901678657075
clintox 1 0.7422618426997533
clintox 0 0.6733048343933549
clintox 2 0.7044364508393286
clintox 3 0.6464515344246342
tox21 0 0.6982837277979964
tox21 0 0.696707207598379
tox21 0 0.748247755736719
tox21 0 0.7467578745558326
tox21 0 0.7246389432695585
tox21 0 0.7517695949103245
tox21 0 0.7424902968069801
tox21 0 0.6284754412532753
tox21 0 0.6259140278436602
tox21 0 0.7329349463185831
tox21 0 0.599654786149083
tox21 0 0.7382249117391056
tox21 0 0.6322276903104952
tox21 0 0.6515429324052373
tox21 0 0.7256096508667781
tox21 0 0.716454263863027
tox21 0 0.7258563450114169
tox21 0 0.722838938789835
clintox 0 0.5330926563097348
toxcast 0 0.609697157796329
clintox 0 0.7754366072359504
clintox 0 0.640867306155076
toxcast 0 0.6173328048562999
clintox 0 0.7232509644458347
toxcast 0 0.6198636997993864
hiv 0 0.6477877131655689
clintox 0 0.599397873005943
muv 0 0.6254307036163541
clintox 0 0.638811125013033
toxcast 0 0.6176690871357385
clintox 0 0.6121615750877558
toxcast 0 0.6490325088973076
clintox 0 0.662145500990512
clintox 0 0.5200322350815001
toxcast 0 0.6258741980823854
clintox 0 0.7449362249330971
hiv 0 0.7366615809498058
toxcast 0 0.6208532467583989
clintox 0 0.5831456573871338
muv 0 0.6496830748372554
clintox 0 0.7713763771591423
toxcast 0 0.6118236740943631
clintox 0 0.656480902234734
toxcast 0 0.6111743805589539
clintox 0 0.7712551697772216
hiv 0 0.6989860754359875
clintox 0 0.5828094046501928
toxcast 0 0.6157671462626619
clintox 0 0.7105211482987523
muv 0 0.6336418988916492
toxcast 0 0.6296618573478618
clintox 0 0.6279689292044626
clintox 0 0.6811038126020923
toxcast 0 0.6342154621937643
clintox 0 0.6846036214506657
hiv 0 0.7511143513779719
toxcast 0 0.6368362981017186
clintox 0 0.7600754179265283
clintox 0 0.7399419594758976
toxcast 0 0.6295927041773817
muv 0 0.6284448490152776
clintox 0 0.7071738261564662
toxcast 0 0.6401049265225104
clintox 0 0.6798934765231293
hiv 0 0.7071013345178547
clintox 0 0.657242901331109
toxcast 0 0.6280596997537675
clintox 0 0.5762650748966045
toxcast 0 0.589042071647036
clintox 0 0.7871802557953638
muv 0 0.627536004590436
clintox 0 0.6077312063392764
toxcast 0 0.6222963164603776
clintox 0 0.601706460918222
hiv 0 0.7461934374939647
toxcast 0 0.6321932723716085
clintox 0 0.6641382546137002
toxcast 0 0.6131090894777705
clintox 0 0.783674799291002
clintox 0 0.6222465505856185
muv 0 0.6358837289520437
toxcast 0 0.6428140715854177
hiv 0 0.723946001274648
clintox 0 0.6595176033086574
toxcast 0 0.6521357280058501
toxcast 0 0.6535308179077971
muv 0 0.6286210928194187
toxcast 0 0.6444436007292866
hiv 0 0.742091388400703
toxcast 0 0.6259679678922767
toxcast 0 0.616157638979155
toxcast 0 0.6490494085787694
hiv 0 0.7029114119623786
muv 0 0.6050291391464288
toxcast 0 0.6241773815888031
toxcast 0 0.6421765660436675
toxcast 0 0.6363875668364009
muv 0 0.6082451494125276
hiv 0 0.6674366055736881
toxcast 0 0.651676042219633
toxcast 0 0.6703412422205974
hiv 0 0.7004287452442108
muv 0 0.6326049951189513
hiv 0 0.7035806021746268
muv 0 0.6234984248517771
hiv 0 0.7545414164043338
muv 0 0.6440235588673938
hiv 0 0.7677147105969602
muv 0 0.5960385118653353
hiv 0 0.7368720910021437
muv 0 0.5988209349439146
hiv 0 0.7340678653508179
muv 0 0.6000905099047994
hiv 0 0.6592286448173971
muv 0 0.6039793318377834
hiv 0 0.7398974487726685
muv 0 0.6240087221041841
hiv 0 0.7442766372467603
muv 0 0.6302035034456238
hiv 0 0.7265764112864289
hiv 0 0.7340002703798838
muv 0 0.6149836560632156
hiv 0 0.7507773421657429
muv 0 0.6305590697924973
clintox 0 0.7349963507454906
clintox 0 0.7476010495951065
muv 0 0.6242394710601599
clintox 0 0.7673026795954541
clintox 0 0.7412565599694159
muv 0 0.6000140438846124
clintox 0 0.7701378028012373
